<?xml version="1.0" encoding="UTF-8"?>
<!-- Generated by org.testng.reporters.JUnitReportReporter -->
<testsuite hostname="Deepak" failures="0" tests="1" name="tests.SearchBookPageTest_003" time="41.038" errors="0" timestamp="2022-03-27T01:10:08 IST" skipped="0">
  <testcase classname="tests.SearchBookPageTest_003" name="indexPageTest" time="41.038"/>
  <system-out/>
</testsuite> <!-- tests.SearchBookPageTest_003 -->
