<?xml version="1.0" encoding="UTF-8"?>
<!-- Generated by org.testng.reporters.JUnitReportReporter -->
<testsuite hostname="Deepak" failures="0" tests="1" name="tests.BookIndexTestPage_03" time="40.049" errors="0" timestamp="2022-03-27T13:09:18 IST" skipped="0">
  <testcase classname="tests.BookIndexTestPage_03" name="homePageTest" time="40.049"/>
  <system-out/>
</testsuite> <!-- tests.BookIndexTestPage_03 -->
