<?xml version="1.0" encoding="UTF-8"?>
<!-- Generated by org.testng.reporters.JUnitReportReporter -->
<testsuite hostname="Deepak" failures="0" tests="1" name="tests.BookSearchTestPage_04" time="30.998" errors="0" timestamp="2022-03-27T13:09:18 IST" skipped="0">
  <testcase classname="tests.BookSearchTestPage_04" name="indexPageTest" time="30.998"/>
  <system-out/>
</testsuite> <!-- tests.BookSearchTestPage_04 -->
