<?xml version="1.0" encoding="UTF-8"?>
<!-- Generated by org.testng.reporters.JUnitReportReporter -->
<testsuite hostname="Deepak" failures="0" tests="1" name="tests.BookHomeTestPage_01" time="122.873" errors="0" timestamp="2022-03-27T23:20:10 IST" skipped="0">
  <testcase classname="tests.BookHomeTestPage_01" name="indexPageTest" time="122.873"/>
  <system-out/>
</testsuite> <!-- tests.BookHomeTestPage_01 -->
