<?xml version="1.0" encoding="UTF-8"?>
<!-- Generated by org.testng.reporters.JUnitReportReporter -->
<testsuite hostname="Deepak" failures="0" tests="3" name="tests.BookLoginTestPage_02" time="64.897" errors="0" timestamp="2022-03-27T13:09:18 IST" skipped="0">
  <testcase classname="tests.BookLoginTestPage_02" name="loginPage_TestVerify" time="20.848"/>
  <system-out/>
  <testcase classname="tests.BookLoginTestPage_02" name="IndexPage_TestVerify" time="27.944"/>
  <system-out/>
  <testcase classname="tests.BookLoginTestPage_02" name="LogoutPage_TestVerify" time="16.105"/>
  <system-out/>
</testsuite> <!-- tests.BookLoginTestPage_02 -->
