<?xml version="1.0" encoding="UTF-8"?>
<!-- Generated by org.testng.reporters.JUnitReportReporter -->
<testsuite hostname="Deepak" failures="0" tests="1" name="tests.HomePageTest_002" time="40.543" errors="0" timestamp="2022-03-27T00:18:19 IST" skipped="0">
  <testcase classname="tests.HomePageTest_002" name="homePageTest" time="40.543"/>
  <system-out/>
</testsuite> <!-- tests.HomePageTest_002 -->
