<?xml version="1.0" encoding="UTF-8"?>
<!-- Generated by org.testng.reporters.JUnitReportReporter -->
<testsuite hostname="Deepak" failures="0" tests="3" name="tests.LoginPageTest_001" time="103.021" errors="0" timestamp="2022-03-27T00:57:48 IST" skipped="0">
  <testcase classname="tests.LoginPageTest_001" name="loginPage_TestVerify" time="51.394"/>
  <system-out/>
  <testcase classname="tests.LoginPageTest_001" name="IndexPage_TestVerify" time="31.293"/>
  <system-out/>
  <testcase classname="tests.LoginPageTest_001" name="LogoutPage_TestVerify" time="20.334"/>
  <system-out/>
</testsuite> <!-- tests.LoginPageTest_001 -->
